[2023-09-14T11:53:09.208147+00:00] main.ERROR: Parameter validation failed
#0 /var/www/magento/vendor/symfony/console/Command/Command.php(264): Magento\Setup\Console\Command\InstallCommand->initialize()
#1 /var/www/magento/vendor/symfony/console/Application.php(1040): Symfony\Component\Console\Command\Command->run()
#2 /var/www/magento/vendor/symfony/console/Application.php(301): Symfony\Component\Console\Application->doRunCommand()
#3 /var/www/magento/vendor/magento/framework/Console/Cli.php(116): Symfony\Component\Console\Application->doRun()
#4 /var/www/magento/vendor/symfony/console/Application.php(171): Magento\Framework\Console\Cli->doRun()
#5 /var/www/magento/bin/magento(23): Symfony\Component\Console\Application->run()
#6 {main} [] []
[2023-09-16T12:54:19.366787+00:00] main.INFO: Item Magento_Backend::system_currency was removed [] []
[2023-09-16T12:54:19.382962+00:00] main.INFO: Add of item with id Magento_Config::system_config was processed [] []
[2023-09-16T12:54:19.383164+00:00] main.INFO: Add of item with id Magento_AdminNotification::system_adminnotification was processed [] []
[2023-09-16T12:54:19.383210+00:00] main.INFO: Add of item with id Magento_Theme::design_config was processed [] []
[2023-09-16T12:54:19.383243+00:00] main.INFO: Add of item with id Magento_Theme::system_design_theme was processed [] []
[2023-09-16T12:54:19.383273+00:00] main.INFO: Add of item with id Magento_Backend::system_design_schedule was processed [] []
[2023-09-16T12:54:19.383302+00:00] main.INFO: Add of item with id Magento_Backend::system_store was processed [] []
[2023-09-16T12:54:19.383330+00:00] main.INFO: Add of item with id Magento_Backend::dashboard was processed [] []
[2023-09-16T12:54:19.383358+00:00] main.INFO: Add of item with id Magento_Backend::system was processed [] []
[2023-09-16T12:54:19.383395+00:00] main.INFO: Add of item with id Magento_Backend::system_tools was processed [] []
[2023-09-16T12:54:19.383435+00:00] main.INFO: Add of item with id Magento_Backend::system_design was processed [] []
[2023-09-16T12:54:19.383466+00:00] main.INFO: Add of item with id Magento_Backend::system_convert was processed [] []
[2023-09-16T12:54:19.383503+00:00] main.INFO: Add of item with id Magento_Backend::system_cache was processed [] []
[2023-09-16T12:54:19.383534+00:00] main.INFO: Add of item with id Magento_Backend::marketing was processed [] []
[2023-09-16T12:54:19.383571+00:00] main.INFO: Add of item with id Magento_Backend::marketing_communications was processed [] []
[2023-09-16T12:54:19.383603+00:00] main.INFO: Add of item with id Magento_Backend::marketing_seo was processed [] []
[2023-09-16T12:54:19.383631+00:00] main.INFO: Add of item with id Magento_Backend::marketing_user_content was processed [] []
[2023-09-16T12:54:19.383660+00:00] main.INFO: Add of item with id Magento_Backend::content was processed [] []
[2023-09-16T12:54:19.383688+00:00] main.INFO: Add of item with id Magento_Backend::content_elements was processed [] []
[2023-09-16T12:54:19.383726+00:00] main.INFO: Add of item with id Magento_Backend::stores was processed [] []
[2023-09-16T12:54:19.383765+00:00] main.INFO: Add of item with id Magento_Backend::stores_settings was processed [] []
[2023-09-16T12:54:19.383796+00:00] main.INFO: Add of item with id Magento_Backend::stores_attributes was processed [] []
[2023-09-16T12:54:19.383825+00:00] main.INFO: Add of item with id Magento_Backend::other_settings was processed [] []
[2023-09-16T12:54:19.383855+00:00] main.INFO: Add of item with id Magento_Backend::system_other_settings was processed [] []
[2023-09-16T12:54:19.383883+00:00] main.INFO: Add of item with id Magento_User::system_acl was processed [] []
[2023-09-16T12:54:19.383921+00:00] main.INFO: Add of item with id Magento_User::system_acl_users was processed [] []
[2023-09-16T12:54:19.383951+00:00] main.INFO: Add of item with id Magento_User::system_acl_roles was processed [] []
[2023-09-16T12:54:19.383980+00:00] main.INFO: Add of item with id Magento_User::system_acl_locks was processed [] []
[2023-09-16T12:54:19.384007+00:00] main.INFO: Add of item with id Magento_Customer::customer was processed [] []
[2023-09-16T12:54:19.384191+00:00] main.INFO: Add of item with id Magento_Customer::customer_manage was processed [] []
[2023-09-16T12:54:19.384231+00:00] main.INFO: Add of item with id Magento_Customer::customer_online was processed [] []
[2023-09-16T12:54:19.384260+00:00] main.INFO: Add of item with id Magento_Customer::customer_group was processed [] []
[2023-09-16T12:54:19.384289+00:00] main.INFO: Add of item with id Magento_Backup::system_tools_backup was processed [] []
[2023-09-16T12:54:19.384317+00:00] main.INFO: Add of item with id Magento_Indexer::system_index was processed [] []
[2023-09-16T12:54:19.384345+00:00] main.INFO: Add of item with id Magento_Variable::system_variable was processed [] []
[2023-09-16T12:54:19.384384+00:00] main.INFO: Add of item with id Magento_Cms::cms_page was processed [] []
[2023-09-16T12:54:19.384416+00:00] main.INFO: Add of item with id Magento_Cms::cms_block was processed [] []
[2023-09-16T12:54:19.384453+00:00] main.INFO: Add of item with id Magento_Search::search_terms was processed [] []
[2023-09-16T12:54:19.384486+00:00] main.INFO: Add of item with id Magento_Search::search_synonyms was processed [] []
[2023-09-16T12:54:19.384515+00:00] main.INFO: Add of item with id Magento_Catalog::catalog was processed [] []
[2023-09-16T12:54:19.384552+00:00] main.INFO: Add of item with id Magento_Catalog::catalog_products was processed [] []
[2023-09-16T12:54:19.384584+00:00] main.INFO: Add of item with id Magento_Catalog::catalog_categories was processed [] []
[2023-09-16T12:54:19.384621+00:00] main.INFO: Add of item with id Magento_Catalog::catalog_attributes_attributes was processed [] []
[2023-09-16T12:54:19.384652+00:00] main.INFO: Add of item with id Magento_Catalog::catalog_attributes_sets was processed [] []
[2023-09-16T12:54:19.384688+00:00] main.INFO: Add of item with id Magento_Catalog::inventory was processed [] []
[2023-09-16T12:54:19.384719+00:00] main.INFO: Add of item with id Magento_CatalogRule::promo was processed [] []
[2023-09-16T12:54:19.384756+00:00] main.INFO: Add of item with id Magento_CatalogRule::promo_catalog was processed [] []
[2023-09-16T12:54:19.384786+00:00] main.INFO: Add of item with id Magento_MediaGalleryUi::media was processed [] []
[2023-09-16T12:54:19.384823+00:00] main.INFO: Add of item with id Magento_MediaGalleryUi::media_gallery was processed [] []
[2023-09-16T12:54:19.384853+00:00] main.INFO: Add of item with id Magento_Integration::system_extensions was processed [] []
[2023-09-16T12:54:19.384890+00:00] main.INFO: Add of item with id Magento_Integration::system_integrations was processed [] []
[2023-09-16T12:54:19.384922+00:00] main.INFO: Add of item with id Magento_Sales::sales was processed [] []
[2023-09-16T12:54:19.384965+00:00] main.INFO: Add of item with id Magento_Sales::sales_operation was processed [] []
[2023-09-16T12:54:19.385004+00:00] main.INFO: Add of item with id Magento_Sales::sales_order was processed [] []
[2023-09-16T12:54:19.385413+00:00] main.INFO: Add of item with id Magento_Sales::sales_invoice was processed [] []
[2023-09-16T12:54:19.385471+00:00] main.INFO: Add of item with id Magento_Sales::sales_shipment was processed [] []
[2023-09-16T12:54:19.385502+00:00] main.INFO: Add of item with id Magento_Sales::sales_creditmemo was processed [] []
[2023-09-16T12:54:19.385532+00:00] main.INFO: Add of item with id Magento_Sales::sales_transactions was processed [] []
[2023-09-16T12:54:19.385629+00:00] main.INFO: Add of item with id Magento_Sales::system_order_statuses was processed [] []
[2023-09-16T12:54:19.385661+00:00] main.INFO: Add of item with id Magento_Widget::cms_widget_instance was processed [] []
[2023-09-16T12:54:19.385730+00:00] main.INFO: Add of item with id Magento_Analytics::business_intelligence was processed [] []
[2023-09-16T12:54:19.385775+00:00] main.INFO: Add of item with id Magento_Analytics::advanced_reporting was processed [] []
[2023-09-16T12:54:19.385807+00:00] main.INFO: Add of item with id Magento_Analytics::bi_essentials was processed [] []
[2023-09-16T12:54:19.385857+00:00] main.INFO: Add of item with id Magento_Downloadable::report_products_downloads was processed [] []
[2023-09-16T12:54:19.385898+00:00] main.INFO: Add of item with id Magento_ImportExport::system_convert_import was processed [] []
[2023-09-16T12:54:19.385930+00:00] main.INFO: Add of item with id Magento_ImportExport::system_convert_export was processed [] []
[2023-09-16T12:54:19.385959+00:00] main.INFO: Add of item with id Magento_ImportExport::system_convert_history was processed [] []
[2023-09-16T12:54:19.385996+00:00] main.INFO: Add of item with id Magento_Email::template was processed [] []
[2023-09-16T12:54:19.386045+00:00] main.INFO: Add of item with id Magento_EncryptionKey::system_crypt_key was processed [] []
[2023-09-16T12:54:19.386174+00:00] main.INFO: Add of item with id Magento_InventoryAdminUi::inventory was processed [] []
[2023-09-16T12:54:19.386218+00:00] main.INFO: Add of item with id Magento_InventoryAdminUi::source was processed [] []
[2023-09-16T12:54:19.386251+00:00] main.INFO: Add of item with id Magento_InventoryAdminUi::stock was processed [] []
[2023-09-16T12:54:19.386280+00:00] main.INFO: Add of item with id Magento_Reports::report was processed [] []
[2023-09-16T12:54:19.386309+00:00] main.INFO: Add of item with id Magento_Reports::report_marketing was processed [] []
[2023-09-16T12:54:19.386337+00:00] main.INFO: Add of item with id Magento_Reports::report_salesroot was processed [] []
[2023-09-16T12:54:19.386375+00:00] main.INFO: Add of item with id Magento_Reports::report_salesroot_sales was processed [] []
[2023-09-16T12:54:19.386406+00:00] main.INFO: Add of item with id Magento_Reports::report_salesroot_tax was processed [] []
[2023-09-16T12:54:19.386434+00:00] main.INFO: Add of item with id Magento_Reports::report_salesroot_invoiced was processed [] []
[2023-09-16T12:54:19.386462+00:00] main.INFO: Add of item with id Magento_Reports::report_salesroot_shipping was processed [] []
[2023-09-16T12:54:19.386490+00:00] main.INFO: Add of item with id Magento_Reports::report_salesroot_refunded was processed [] []
[2023-09-16T12:54:19.386517+00:00] main.INFO: Add of item with id Magento_Reports::report_salesroot_coupons was processed [] []
[2023-09-16T12:54:19.386554+00:00] main.INFO: Add of item with id Magento_Reports::report_shopcart_product was processed [] []
[2023-09-16T12:54:19.386585+00:00] main.INFO: Add of item with id Magento_Reports::report_shopcart_abandoned was processed [] []
[2023-09-16T12:54:19.386614+00:00] main.INFO: Add of item with id Magento_Reports::report_products was processed [] []
[2023-09-16T12:54:19.386643+00:00] main.INFO: Add of item with id Magento_Reports::report_products_bestsellers was processed [] []
[2023-09-16T12:54:19.386671+00:00] main.INFO: Add of item with id Magento_Reports::report_products_sold was processed [] []
[2023-09-16T12:54:19.386699+00:00] main.INFO: Add of item with id Magento_Reports::report_products_viewed was processed [] []
[2023-09-16T12:54:19.386733+00:00] main.INFO: Add of item with id Magento_Reports::report_products_lowstock was processed [] []
[2023-09-16T12:54:19.386761+00:00] main.INFO: Add of item with id Magento_Reports::report_customers was processed [] []
[2023-09-16T12:54:19.386800+00:00] main.INFO: Add of item with id Magento_Reports::report_customers_accounts was processed [] []
[2023-09-16T12:54:19.386834+00:00] main.INFO: Add of item with id Magento_Reports::report_customers_totals was processed [] []
[2023-09-16T12:54:19.386862+00:00] main.INFO: Add of item with id Magento_Reports::report_customers_orders was processed [] []
[2023-09-16T12:54:19.386891+00:00] main.INFO: Add of item with id Magento_Reports::report_statistics was processed [] []
[2023-09-16T12:54:19.386928+00:00] main.INFO: Add of item with id Magento_Reports::report_statistics_refresh was processed [] []
[2023-09-16T12:54:19.386959+00:00] main.INFO: Add of item with id Magento_Search::report_search_term was processed [] []
[2023-09-16T12:54:19.386988+00:00] main.INFO: Add of item with id Magento_LoginAsCustomerLog::login_log was processed [] []
[2023-09-16T12:54:19.387020+00:00] main.INFO: Add of item with id Magento_Marketplace::partners was processed [] []
[2023-09-16T12:54:19.387080+00:00] main.INFO: Add of item with id Magento_Newsletter::newsletter_template was processed [] []
[2023-09-16T12:54:19.387110+00:00] main.INFO: Add of item with id Magento_Newsletter::newsletter_queue was processed [] []
[2023-09-16T12:54:19.387138+00:00] main.INFO: Add of item with id Magento_Newsletter::newsletter_subscriber was processed [] []
[2023-09-16T12:54:19.387167+00:00] main.INFO: Add of item with id Magento_Newsletter::newsletter_problem was processed [] []
[2023-09-16T12:54:19.387195+00:00] main.INFO: Add of item with id Magento_SalesRule::promo_quote was processed [] []
[2023-09-16T12:54:19.387222+00:00] main.INFO: Add of item with id Magento_Sitemap::catalog_sitemap was processed [] []
[2023-09-16T12:54:19.387250+00:00] main.INFO: Add of item with id Magento_PageBuilder::templates was processed [] []
[2023-09-16T12:54:19.387278+00:00] main.INFO: Add of item with id Magento_Paypal::report_salesroot_paypal_settlement_reports was processed [] []
[2023-09-16T12:54:19.387306+00:00] main.INFO: Add of item with id Magento_Paypal::paypal_billing_agreement was processed [] []
[2023-09-16T12:54:19.387334+00:00] main.INFO: Add of item with id Magento_CheckoutAgreements::sales_checkoutagreement was processed [] []
[2023-09-16T12:54:19.387362+00:00] main.INFO: Add of item with id Magento_Review::catalog_reviews_ratings_ratings was processed [] []
[2023-09-16T12:54:19.387402+00:00] main.INFO: Add of item with id Magento_Review::catalog_reviews_ratings_pending was processed [] []
[2023-09-16T12:54:19.387435+00:00] main.INFO: Add of item with id Magento_Review::catalog_reviews_ratings_reviews_all was processed [] []
[2023-09-16T12:54:19.387464+00:00] main.INFO: Add of item with id Magento_Review::report_review was processed [] []
[2023-09-16T12:54:19.387502+00:00] main.INFO: Add of item with id Magento_Review::report_review_customer was processed [] []
[2023-09-16T12:54:19.387533+00:00] main.INFO: Add of item with id Magento_Review::report_review_product was processed [] []
[2023-09-16T12:54:19.387561+00:00] main.INFO: Add of item with id Magento_UrlRewrite::urlrewrite was processed [] []
[2023-09-16T12:54:19.387590+00:00] main.INFO: Add of item with id Magento_Tax::sales_tax was processed [] []
[2023-09-16T12:54:19.387627+00:00] main.INFO: Add of item with id Magento_Tax::sales_tax_rules was processed [] []
[2023-09-16T12:54:19.387658+00:00] main.INFO: Add of item with id Magento_Tax::sales_tax_rates was processed [] []
[2023-09-16T12:54:19.387686+00:00] main.INFO: Add of item with id Magento_TaxImportExport::system_convert_tax was processed [] []
[2023-09-16T12:54:19.387715+00:00] main.INFO: Add of item with id Magento_AsynchronousOperations::system_magento_logging was processed [] []
[2023-09-16T12:54:19.387753+00:00] main.INFO: Add of item with id Magento_AsynchronousOperations::system_magento_logging_bulk_operations was processed [] []
[2023-09-16T12:54:19.387790+00:00] main.INFO: Add of item with id Magento_CurrencySymbol::system_currency was processed [] []
[2023-09-16T12:54:19.387829+00:00] main.INFO: Add of item with id Magento_CurrencySymbol::system_currency_rates was processed [] []
[2023-09-16T12:54:19.387860+00:00] main.INFO: Add of item with id Magento_CurrencySymbol::system_currency_symbols was processed [] []
[2023-09-16T12:54:19.387888+00:00] main.INFO: Add of item with id PayPal_Braintree::settlement_report was processed [] []
[2023-09-16T12:54:19.387917+00:00] main.INFO: Add of item with id PayPal_Braintree::virtual_terminal was processed [] []
[2023-09-16T12:59:47.801988+00:00] main.INFO: Item Magento_Backend::system_currency was removed [] []
[2023-09-16T12:59:47.804506+00:00] main.INFO: Add of item with id Magento_Config::system_config was processed [] []
[2023-09-16T12:59:47.804572+00:00] main.INFO: Add of item with id Magento_AdminNotification::system_adminnotification was processed [] []
[2023-09-16T12:59:47.804615+00:00] main.INFO: Add of item with id Magento_Theme::design_config was processed [] []
[2023-09-16T12:59:47.804656+00:00] main.INFO: Add of item with id Magento_Theme::system_design_theme was processed [] []
[2023-09-16T12:59:47.804685+00:00] main.INFO: Add of item with id Magento_Backend::system_design_schedule was processed [] []
[2023-09-16T12:59:47.804714+00:00] main.INFO: Add of item with id Magento_Backend::system_store was processed [] []
[2023-09-16T12:59:47.804742+00:00] main.INFO: Add of item with id Magento_Backend::dashboard was processed [] []
[2023-09-16T12:59:47.804770+00:00] main.INFO: Add of item with id Magento_Backend::system was processed [] []
[2023-09-16T12:59:47.804807+00:00] main.INFO: Add of item with id Magento_Backend::system_tools was processed [] []
[2023-09-16T12:59:47.804846+00:00] main.INFO: Add of item with id Magento_Backend::system_design was processed [] []
[2023-09-16T12:59:47.804876+00:00] main.INFO: Add of item with id Magento_Backend::system_convert was processed [] []
[2023-09-16T12:59:47.804913+00:00] main.INFO: Add of item with id Magento_Backend::system_cache was processed [] []
[2023-09-16T12:59:47.804943+00:00] main.INFO: Add of item with id Magento_Backend::marketing was processed [] []
[2023-09-16T12:59:47.804980+00:00] main.INFO: Add of item with id Magento_Backend::marketing_communications was processed [] []
[2023-09-16T12:59:47.805020+00:00] main.INFO: Add of item with id Magento_Backend::marketing_seo was processed [] []
[2023-09-16T12:59:47.805049+00:00] main.INFO: Add of item with id Magento_Backend::marketing_user_content was processed [] []
[2023-09-16T12:59:47.805077+00:00] main.INFO: Add of item with id Magento_Backend::content was processed [] []
[2023-09-16T12:59:47.805105+00:00] main.INFO: Add of item with id Magento_Backend::content_elements was processed [] []
[2023-09-16T12:59:47.805132+00:00] main.INFO: Add of item with id Magento_Backend::stores was processed [] []
[2023-09-16T12:59:47.805168+00:00] main.INFO: Add of item with id Magento_Backend::stores_settings was processed [] []
[2023-09-16T12:59:47.805199+00:00] main.INFO: Add of item with id Magento_Backend::stores_attributes was processed [] []
[2023-09-16T12:59:47.805227+00:00] main.INFO: Add of item with id Magento_Backend::other_settings was processed [] []
[2023-09-16T12:59:47.805255+00:00] main.INFO: Add of item with id Magento_Backend::system_other_settings was processed [] []
[2023-09-16T12:59:47.805316+00:00] main.INFO: Add of item with id Magento_User::system_acl was processed [] []
[2023-09-16T12:59:47.805359+00:00] main.INFO: Add of item with id Magento_User::system_acl_users was processed [] []
[2023-09-16T12:59:47.805391+00:00] main.INFO: Add of item with id Magento_User::system_acl_roles was processed [] []
[2023-09-16T12:59:47.805419+00:00] main.INFO: Add of item with id Magento_User::system_acl_locks was processed [] []
[2023-09-16T12:59:47.805446+00:00] main.INFO: Add of item with id Magento_Customer::customer was processed [] []
[2023-09-16T12:59:47.805483+00:00] main.INFO: Add of item with id Magento_Customer::customer_manage was processed [] []
[2023-09-16T12:59:47.805513+00:00] main.INFO: Add of item with id Magento_Customer::customer_online was processed [] []
[2023-09-16T12:59:47.805541+00:00] main.INFO: Add of item with id Magento_Customer::customer_group was processed [] []
[2023-09-16T12:59:47.805569+00:00] main.INFO: Add of item with id Magento_Backup::system_tools_backup was processed [] []
[2023-09-16T12:59:47.805596+00:00] main.INFO: Add of item with id Magento_Indexer::system_index was processed [] []
[2023-09-16T12:59:47.805623+00:00] main.INFO: Add of item with id Magento_Variable::system_variable was processed [] []
[2023-09-16T12:59:47.805659+00:00] main.INFO: Add of item with id Magento_Cms::cms_page was processed [] []
[2023-09-16T12:59:47.805690+00:00] main.INFO: Add of item with id Magento_Cms::cms_block was processed [] []
[2023-09-16T12:59:47.805726+00:00] main.INFO: Add of item with id Magento_Search::search_terms was processed [] []
[2023-09-16T12:59:47.805757+00:00] main.INFO: Add of item with id Magento_Search::search_synonyms was processed [] []
[2023-09-16T12:59:47.805791+00:00] main.INFO: Add of item with id Magento_Catalog::catalog was processed [] []
[2023-09-16T12:59:47.805827+00:00] main.INFO: Add of item with id Magento_Catalog::catalog_products was processed [] []
[2023-09-16T12:59:47.805858+00:00] main.INFO: Add of item with id Magento_Catalog::catalog_categories was processed [] []
[2023-09-16T12:59:47.805894+00:00] main.INFO: Add of item with id Magento_Catalog::catalog_attributes_attributes was processed [] []
[2023-09-16T12:59:47.805925+00:00] main.INFO: Add of item with id Magento_Catalog::catalog_attributes_sets was processed [] []
[2023-09-16T12:59:47.805961+00:00] main.INFO: Add of item with id Magento_Catalog::inventory was processed [] []
[2023-09-16T12:59:47.805991+00:00] main.INFO: Add of item with id Magento_CatalogRule::promo was processed [] []
[2023-09-16T12:59:47.806030+00:00] main.INFO: Add of item with id Magento_CatalogRule::promo_catalog was processed [] []
[2023-09-16T12:59:47.806060+00:00] main.INFO: Add of item with id Magento_MediaGalleryUi::media was processed [] []
[2023-09-16T12:59:47.806096+00:00] main.INFO: Add of item with id Magento_MediaGalleryUi::media_gallery was processed [] []
[2023-09-16T12:59:47.806126+00:00] main.INFO: Add of item with id Magento_Integration::system_extensions was processed [] []
[2023-09-16T12:59:47.806166+00:00] main.INFO: Add of item with id Magento_Integration::system_integrations was processed [] []
[2023-09-16T12:59:47.806196+00:00] main.INFO: Add of item with id Magento_Sales::sales was processed [] []
[2023-09-16T12:59:47.806232+00:00] main.INFO: Add of item with id Magento_Sales::sales_operation was processed [] []
[2023-09-16T12:59:47.806289+00:00] main.INFO: Add of item with id Magento_Sales::sales_order was processed [] []
[2023-09-16T12:59:47.806408+00:00] main.INFO: Add of item with id Magento_Sales::sales_invoice was processed [] []
[2023-09-16T12:59:47.806437+00:00] main.INFO: Add of item with id Magento_Sales::sales_shipment was processed [] []
[2023-09-16T12:59:47.806465+00:00] main.INFO: Add of item with id Magento_Sales::sales_creditmemo was processed [] []
[2023-09-16T12:59:47.806492+00:00] main.INFO: Add of item with id Magento_Sales::sales_transactions was processed [] []
[2023-09-16T12:59:47.806519+00:00] main.INFO: Add of item with id Magento_Sales::system_order_statuses was processed [] []
[2023-09-16T12:59:47.806546+00:00] main.INFO: Add of item with id Magento_Widget::cms_widget_instance was processed [] []
[2023-09-16T12:59:47.806585+00:00] main.INFO: Add of item with id Magento_Analytics::business_intelligence was processed [] []
[2023-09-16T12:59:47.806624+00:00] main.INFO: Add of item with id Magento_Analytics::advanced_reporting was processed [] []
[2023-09-16T12:59:47.806654+00:00] main.INFO: Add of item with id Magento_Analytics::bi_essentials was processed [] []
[2023-09-16T12:59:47.806690+00:00] main.INFO: Add of item with id Magento_Downloadable::report_products_downloads was processed [] []
[2023-09-16T12:59:47.806729+00:00] main.INFO: Add of item with id Magento_ImportExport::system_convert_import was processed [] []
[2023-09-16T12:59:47.806759+00:00] main.INFO: Add of item with id Magento_ImportExport::system_convert_export was processed [] []
[2023-09-16T12:59:47.806787+00:00] main.INFO: Add of item with id Magento_ImportExport::system_convert_history was processed [] []
[2023-09-16T12:59:47.806823+00:00] main.INFO: Add of item with id Magento_Email::template was processed [] []
[2023-09-16T12:59:47.806853+00:00] main.INFO: Add of item with id Magento_EncryptionKey::system_crypt_key was processed [] []
[2023-09-16T12:59:47.806880+00:00] main.INFO: Add of item with id Magento_InventoryAdminUi::inventory was processed [] []
[2023-09-16T12:59:47.806916+00:00] main.INFO: Add of item with id Magento_InventoryAdminUi::source was processed [] []
[2023-09-16T12:59:47.806946+00:00] main.INFO: Add of item with id Magento_InventoryAdminUi::stock was processed [] []
[2023-09-16T12:59:47.806974+00:00] main.INFO: Add of item with id Magento_Reports::report was processed [] []
[2023-09-16T12:59:47.807010+00:00] main.INFO: Add of item with id Magento_Reports::report_marketing was processed [] []
[2023-09-16T12:59:47.807042+00:00] main.INFO: Add of item with id Magento_Reports::report_salesroot was processed [] []
[2023-09-16T12:59:47.807079+00:00] main.INFO: Add of item with id Magento_Reports::report_salesroot_sales was processed [] []
[2023-09-16T12:59:47.807109+00:00] main.INFO: Add of item with id Magento_Reports::report_salesroot_tax was processed [] []
[2023-09-16T12:59:47.807137+00:00] main.INFO: Add of item with id Magento_Reports::report_salesroot_invoiced was processed [] []
[2023-09-16T12:59:47.807165+00:00] main.INFO: Add of item with id Magento_Reports::report_salesroot_shipping was processed [] []
[2023-09-16T12:59:47.807192+00:00] main.INFO: Add of item with id Magento_Reports::report_salesroot_refunded was processed [] []
[2023-09-16T12:59:47.807219+00:00] main.INFO: Add of item with id Magento_Reports::report_salesroot_coupons was processed [] []
[2023-09-16T12:59:47.807255+00:00] main.INFO: Add of item with id Magento_Reports::report_shopcart_product was processed [] []
[2023-09-16T12:59:47.807343+00:00] main.INFO: Add of item with id Magento_Reports::report_shopcart_abandoned was processed [] []
[2023-09-16T12:59:47.807381+00:00] main.INFO: Add of item with id Magento_Reports::report_products was processed [] []
[2023-09-16T12:59:47.807410+00:00] main.INFO: Add of item with id Magento_Reports::report_products_bestsellers was processed [] []
[2023-09-16T12:59:47.807438+00:00] main.INFO: Add of item with id Magento_Reports::report_products_sold was processed [] []
[2023-09-16T12:59:47.807465+00:00] main.INFO: Add of item with id Magento_Reports::report_products_viewed was processed [] []
[2023-09-16T12:59:47.807492+00:00] main.INFO: Add of item with id Magento_Reports::report_products_lowstock was processed [] []
[2023-09-16T12:59:47.807518+00:00] main.INFO: Add of item with id Magento_Reports::report_customers was processed [] []
[2023-09-16T12:59:47.807557+00:00] main.INFO: Add of item with id Magento_Reports::report_customers_accounts was processed [] []
[2023-09-16T12:59:47.807589+00:00] main.INFO: Add of item with id Magento_Reports::report_customers_totals was processed [] []
[2023-09-16T12:59:47.807617+00:00] main.INFO: Add of item with id Magento_Reports::report_customers_orders was processed [] []
[2023-09-16T12:59:47.807645+00:00] main.INFO: Add of item with id Magento_Reports::report_statistics was processed [] []
[2023-09-16T12:59:47.807681+00:00] main.INFO: Add of item with id Magento_Reports::report_statistics_refresh was processed [] []
[2023-09-16T12:59:47.807711+00:00] main.INFO: Add of item with id Magento_Search::report_search_term was processed [] []
[2023-09-16T12:59:47.807740+00:00] main.INFO: Add of item with id Magento_LoginAsCustomerLog::login_log was processed [] []
[2023-09-16T12:59:47.807768+00:00] main.INFO: Add of item with id Magento_Marketplace::partners was processed [] []
[2023-09-16T12:59:47.807795+00:00] main.INFO: Add of item with id Magento_Newsletter::newsletter_template was processed [] []
[2023-09-16T12:59:47.807823+00:00] main.INFO: Add of item with id Magento_Newsletter::newsletter_queue was processed [] []
[2023-09-16T12:59:47.807851+00:00] main.INFO: Add of item with id Magento_Newsletter::newsletter_subscriber was processed [] []
[2023-09-16T12:59:47.807878+00:00] main.INFO: Add of item with id Magento_Newsletter::newsletter_problem was processed [] []
[2023-09-16T12:59:47.807905+00:00] main.INFO: Add of item with id Magento_SalesRule::promo_quote was processed [] []
[2023-09-16T12:59:47.807932+00:00] main.INFO: Add of item with id Magento_Sitemap::catalog_sitemap was processed [] []
[2023-09-16T12:59:47.807960+00:00] main.INFO: Add of item with id Magento_PageBuilder::templates was processed [] []
[2023-09-16T12:59:47.807987+00:00] main.INFO: Add of item with id Magento_Paypal::report_salesroot_paypal_settlement_reports was processed [] []
[2023-09-16T12:59:47.808015+00:00] main.INFO: Add of item with id Magento_Paypal::paypal_billing_agreement was processed [] []
[2023-09-16T12:59:47.808048+00:00] main.INFO: Add of item with id Magento_CheckoutAgreements::sales_checkoutagreement was processed [] []
[2023-09-16T12:59:47.808075+00:00] main.INFO: Add of item with id Magento_Review::catalog_reviews_ratings_ratings was processed [] []
[2023-09-16T12:59:47.808113+00:00] main.INFO: Add of item with id Magento_Review::catalog_reviews_ratings_pending was processed [] []
[2023-09-16T12:59:47.808144+00:00] main.INFO: Add of item with id Magento_Review::catalog_reviews_ratings_reviews_all was processed [] []
[2023-09-16T12:59:47.808172+00:00] main.INFO: Add of item with id Magento_Review::report_review was processed [] []
[2023-09-16T12:59:47.808209+00:00] main.INFO: Add of item with id Magento_Review::report_review_customer was processed [] []
[2023-09-16T12:59:47.808240+00:00] main.INFO: Add of item with id Magento_Review::report_review_product was processed [] []
[2023-09-16T12:59:47.808269+00:00] main.INFO: Add of item with id Magento_UrlRewrite::urlrewrite was processed [] []
[2023-09-16T12:59:47.808340+00:00] main.INFO: Add of item with id Magento_Tax::sales_tax was processed [] []
[2023-09-16T12:59:47.808394+00:00] main.INFO: Add of item with id Magento_Tax::sales_tax_rules was processed [] []
[2023-09-16T12:59:47.808432+00:00] main.INFO: Add of item with id Magento_Tax::sales_tax_rates was processed [] []
[2023-09-16T12:59:47.808461+00:00] main.INFO: Add of item with id Magento_TaxImportExport::system_convert_tax was processed [] []
[2023-09-16T12:59:47.808489+00:00] main.INFO: Add of item with id Magento_AsynchronousOperations::system_magento_logging was processed [] []
[2023-09-16T12:59:47.808526+00:00] main.INFO: Add of item with id Magento_AsynchronousOperations::system_magento_logging_bulk_operations was processed [] []
[2023-09-16T12:59:47.808558+00:00] main.INFO: Add of item with id Magento_CurrencySymbol::system_currency was processed [] []
[2023-09-16T12:59:47.808595+00:00] main.INFO: Add of item with id Magento_CurrencySymbol::system_currency_rates was processed [] []
[2023-09-16T12:59:47.808626+00:00] main.INFO: Add of item with id Magento_CurrencySymbol::system_currency_symbols was processed [] []
[2023-09-16T12:59:47.808654+00:00] main.INFO: Add of item with id PayPal_Braintree::settlement_report was processed [] []
[2023-09-16T12:59:47.808682+00:00] main.INFO: Add of item with id PayPal_Braintree::virtual_terminal was processed [] []
[2023-09-16T13:01:08.151291+00:00] main.ERROR: crontab -l 2>/dev/null 2>&1
no crontab for www-data [] []
[2023-09-16T13:01:08.154166+00:00] main.ERROR: crontab -l 2>/dev/null 2>&1
no crontab for www-data [] []
[2023-09-16T13:01:08.158371+00:00] main.INFO: echo "
#~ MAGENTO START d1957f62aa710cc367525c9ec68dd7456d4311756b5aa37d2143c4a98b25318c
* * * * * /usr/bin/php8.1 /var/www/magento/bin/magento cron:run 2>&1 | grep -v \"Ran jobs by schedule\" >> /var/www/magento/var/log/magento.cron.log
#~ MAGENTO END d1957f62aa710cc367525c9ec68dd7456d4311756b5aa37d2143c4a98b25318c
" 2>&1 | crontab - 2>&1
 [] []
[2023-09-16T13:01:49.096085+00:00] main.INFO: crontab -l 2>/dev/null 2>&1

#~ MAGENTO START d1957f62aa710cc367525c9ec68dd7456d4311756b5aa37d2143c4a98b25318c
* * * * * /usr/bin/php8.1 /var/www/magento/bin/magento cron:run 2>&1 | grep -v "Ran jobs by schedule" >> /var/www/magento/var/log/magento.cron.log
#~ MAGENTO END d1957f62aa710cc367525c9ec68dd7456d4311756b5aa37d2143c4a98b25318c
 [] []
[2023-09-16T14:00:02.156635+00:00] main.INFO: Request token ptejggtnwgjvlg5hwdgq4oizhmvy94v5 was exchanged to obtain access token for consumer 1 [] []
[2023-09-16T14:00:04.024708+00:00] main.WARNING: Subscription for MBI service has been failed. An error occurred during token exchange: {"message":"{:path [:url], :pred com.rjmetrics.ma-etl-service.routes.subscription/url?, :val \"http://localhost\", :via [:com.rjmetrics.ma-etl-service.routes.subscription/new-subscription-body :com.rjmetrics.ma-etl-service.routes.subscription/url], :in [:url]}"}. Content-Type: text/plain; charset=UTF-8 [] []
[2023-09-16T15:00:03.123993+00:00] main.WARNING: Subscription for MBI service has been failed. An error occurred during token exchange: {"message":"{:path [:url], :pred com.rjmetrics.ma-etl-service.routes.subscription/url?, :val \"http://localhost\", :via [:com.rjmetrics.ma-etl-service.routes.subscription/new-subscription-body :com.rjmetrics.ma-etl-service.routes.subscription/url], :in [:url]}"}. Content-Type: text/plain; charset=UTF-8 [] []
[2023-09-16T16:00:04.136303+00:00] main.WARNING: Subscription for MBI service has been failed. An error occurred during token exchange: {"message":"{:path [:url], :pred com.rjmetrics.ma-etl-service.routes.subscription/url?, :val \"http://localhost\", :via [:com.rjmetrics.ma-etl-service.routes.subscription/new-subscription-body :com.rjmetrics.ma-etl-service.routes.subscription/url], :in [:url]}"}. Content-Type: text/plain; charset=UTF-8 [] []
[2023-09-16T16:40:26.075188+00:00] main.INFO: Item Magento_Backend::system_currency was removed [] []
[2023-09-16T16:40:26.077640+00:00] main.INFO: Add of item with id Magento_Config::system_config was processed [] []
[2023-09-16T16:40:26.077704+00:00] main.INFO: Add of item with id Magento_AdminNotification::system_adminnotification was processed [] []
[2023-09-16T16:40:26.077747+00:00] main.INFO: Add of item with id Magento_Theme::design_config was processed [] []
[2023-09-16T16:40:26.077779+00:00] main.INFO: Add of item with id Magento_Theme::system_design_theme was processed [] []
[2023-09-16T16:40:26.077808+00:00] main.INFO: Add of item with id Magento_Backend::system_design_schedule was processed [] []
[2023-09-16T16:40:26.077837+00:00] main.INFO: Add of item with id Magento_Backend::system_store was processed [] []
[2023-09-16T16:40:26.077865+00:00] main.INFO: Add of item with id Magento_Backend::dashboard was processed [] []
[2023-09-16T16:40:26.077893+00:00] main.INFO: Add of item with id Magento_Backend::system was processed [] []
[2023-09-16T16:40:26.077930+00:00] main.INFO: Add of item with id Magento_Backend::system_tools was processed [] []
[2023-09-16T16:40:26.077969+00:00] main.INFO: Add of item with id Magento_Backend::system_design was processed [] []
[2023-09-16T16:40:26.078137+00:00] main.INFO: Add of item with id Magento_Backend::system_convert was processed [] []
[2023-09-16T16:40:26.078196+00:00] main.INFO: Add of item with id Magento_Backend::system_cache was processed [] []
[2023-09-16T16:40:26.078228+00:00] main.INFO: Add of item with id Magento_Backend::marketing was processed [] []
[2023-09-16T16:40:26.078266+00:00] main.INFO: Add of item with id Magento_Backend::marketing_communications was processed [] []
[2023-09-16T16:40:26.078297+00:00] main.INFO: Add of item with id Magento_Backend::marketing_seo was processed [] []
[2023-09-16T16:40:26.078325+00:00] main.INFO: Add of item with id Magento_Backend::marketing_user_content was processed [] []
[2023-09-16T16:40:26.078361+00:00] main.INFO: Add of item with id Magento_Backend::content was processed [] []
[2023-09-16T16:40:26.078390+00:00] main.INFO: Add of item with id Magento_Backend::content_elements was processed [] []
[2023-09-16T16:40:26.078418+00:00] main.INFO: Add of item with id Magento_Backend::stores was processed [] []
[2023-09-16T16:40:26.078455+00:00] main.INFO: Add of item with id Magento_Backend::stores_settings was processed [] []
[2023-09-16T16:40:26.078487+00:00] main.INFO: Add of item with id Magento_Backend::stores_attributes was processed [] []
[2023-09-16T16:40:26.078515+00:00] main.INFO: Add of item with id Magento_Backend::other_settings was processed [] []
[2023-09-16T16:40:26.078543+00:00] main.INFO: Add of item with id Magento_Backend::system_other_settings was processed [] []
[2023-09-16T16:40:26.078571+00:00] main.INFO: Add of item with id Magento_User::system_acl was processed [] []
[2023-09-16T16:40:26.078608+00:00] main.INFO: Add of item with id Magento_User::system_acl_users was processed [] []
[2023-09-16T16:40:26.078638+00:00] main.INFO: Add of item with id Magento_User::system_acl_roles was processed [] []
[2023-09-16T16:40:26.078672+00:00] main.INFO: Add of item with id Magento_User::system_acl_locks was processed [] []
[2023-09-16T16:40:26.078699+00:00] main.INFO: Add of item with id Magento_Customer::customer was processed [] []
[2023-09-16T16:40:26.078736+00:00] main.INFO: Add of item with id Magento_Customer::customer_manage was processed [] []
[2023-09-16T16:40:26.078766+00:00] main.INFO: Add of item with id Magento_Customer::customer_online was processed [] []
[2023-09-16T16:40:26.078794+00:00] main.INFO: Add of item with id Magento_Customer::customer_group was processed [] []
[2023-09-16T16:40:26.078822+00:00] main.INFO: Add of item with id Magento_Backup::system_tools_backup was processed [] []
[2023-09-16T16:40:26.078849+00:00] main.INFO: Add of item with id Magento_Indexer::system_index was processed [] []
[2023-09-16T16:40:26.078876+00:00] main.INFO: Add of item with id Magento_Variable::system_variable was processed [] []
[2023-09-16T16:40:26.078913+00:00] main.INFO: Add of item with id Magento_Cms::cms_page was processed [] []
[2023-09-16T16:40:26.078944+00:00] main.INFO: Add of item with id Magento_Cms::cms_block was processed [] []
[2023-09-16T16:40:26.078980+00:00] main.INFO: Add of item with id Magento_Search::search_terms was processed [] []
[2023-09-16T16:40:26.079039+00:00] main.INFO: Add of item with id Magento_Search::search_synonyms was processed [] []
[2023-09-16T16:40:26.079070+00:00] main.INFO: Add of item with id Magento_Catalog::catalog was processed [] []
[2023-09-16T16:40:26.079110+00:00] main.INFO: Add of item with id Magento_Catalog::catalog_products was processed [] []
[2023-09-16T16:40:26.079142+00:00] main.INFO: Add of item with id Magento_Catalog::catalog_categories was processed [] []
[2023-09-16T16:40:26.079179+00:00] main.INFO: Add of item with id Magento_Catalog::catalog_attributes_attributes was processed [] []
[2023-09-16T16:40:26.079210+00:00] main.INFO: Add of item with id Magento_Catalog::catalog_attributes_sets was processed [] []
[2023-09-16T16:40:26.079247+00:00] main.INFO: Add of item with id Magento_Catalog::inventory was processed [] []
[2023-09-16T16:40:26.079277+00:00] main.INFO: Add of item with id Magento_CatalogRule::promo was processed [] []
[2023-09-16T16:40:26.079314+00:00] main.INFO: Add of item with id Magento_CatalogRule::promo_catalog was processed [] []
[2023-09-16T16:40:26.079345+00:00] main.INFO: Add of item with id Magento_MediaGalleryUi::media was processed [] []
[2023-09-16T16:40:26.079381+00:00] main.INFO: Add of item with id Magento_MediaGalleryUi::media_gallery was processed [] []
[2023-09-16T16:40:26.079412+00:00] main.INFO: Add of item with id Magento_Integration::system_extensions was processed [] []
[2023-09-16T16:40:26.079448+00:00] main.INFO: Add of item with id Magento_Integration::system_integrations was processed [] []
[2023-09-16T16:40:26.079479+00:00] main.INFO: Add of item with id Magento_Sales::sales was processed [] []
[2023-09-16T16:40:26.079525+00:00] main.INFO: Add of item with id Magento_Sales::sales_operation was processed [] []
[2023-09-16T16:40:26.079565+00:00] main.INFO: Add of item with id Magento_Sales::sales_order was processed [] []
[2023-09-16T16:40:26.079595+00:00] main.INFO: Add of item with id Magento_Sales::sales_invoice was processed [] []
[2023-09-16T16:40:26.079624+00:00] main.INFO: Add of item with id Magento_Sales::sales_shipment was processed [] []
[2023-09-16T16:40:26.079652+00:00] main.INFO: Add of item with id Magento_Sales::sales_creditmemo was processed [] []
[2023-09-16T16:40:26.079679+00:00] main.INFO: Add of item with id Magento_Sales::sales_transactions was processed [] []
[2023-09-16T16:40:26.079706+00:00] main.INFO: Add of item with id Magento_Sales::system_order_statuses was processed [] []
[2023-09-16T16:40:26.079734+00:00] main.INFO: Add of item with id Magento_Widget::cms_widget_instance was processed [] []
[2023-09-16T16:40:26.079769+00:00] main.INFO: Add of item with id Magento_Analytics::business_intelligence was processed [] []
[2023-09-16T16:40:26.079808+00:00] main.INFO: Add of item with id Magento_Analytics::advanced_reporting was processed [] []
[2023-09-16T16:40:26.079843+00:00] main.INFO: Add of item with id Magento_Analytics::bi_essentials was processed [] []
[2023-09-16T16:40:26.079880+00:00] main.INFO: Add of item with id Magento_Downloadable::report_products_downloads was processed [] []
[2023-09-16T16:40:26.079918+00:00] main.INFO: Add of item with id Magento_ImportExport::system_convert_import was processed [] []
[2023-09-16T16:40:26.079949+00:00] main.INFO: Add of item with id Magento_ImportExport::system_convert_export was processed [] []
[2023-09-16T16:40:26.079977+00:00] main.INFO: Add of item with id Magento_ImportExport::system_convert_history was processed [] []
[2023-09-16T16:40:26.080040+00:00] main.INFO: Add of item with id Magento_Email::template was processed [] []
[2023-09-16T16:40:26.080076+00:00] main.INFO: Add of item with id Magento_EncryptionKey::system_crypt_key was processed [] []
[2023-09-16T16:40:26.080105+00:00] main.INFO: Add of item with id Magento_InventoryAdminUi::inventory was processed [] []
[2023-09-16T16:40:26.080143+00:00] main.INFO: Add of item with id Magento_InventoryAdminUi::source was processed [] []
[2023-09-16T16:40:26.080173+00:00] main.INFO: Add of item with id Magento_InventoryAdminUi::stock was processed [] []
[2023-09-16T16:40:26.080201+00:00] main.INFO: Add of item with id Magento_Reports::report was processed [] []
[2023-09-16T16:40:26.080229+00:00] main.INFO: Add of item with id Magento_Reports::report_marketing was processed [] []
[2023-09-16T16:40:26.080256+00:00] main.INFO: Add of item with id Magento_Reports::report_salesroot was processed [] []
[2023-09-16T16:40:26.080292+00:00] main.INFO: Add of item with id Magento_Reports::report_salesroot_sales was processed [] []
[2023-09-16T16:40:26.080323+00:00] main.INFO: Add of item with id Magento_Reports::report_salesroot_tax was processed [] []
[2023-09-16T16:40:26.080351+00:00] main.INFO: Add of item with id Magento_Reports::report_salesroot_invoiced was processed [] []
[2023-09-16T16:40:26.080378+00:00] main.INFO: Add of item with id Magento_Reports::report_salesroot_shipping was processed [] []
[2023-09-16T16:40:26.080405+00:00] main.INFO: Add of item with id Magento_Reports::report_salesroot_refunded was processed [] []
[2023-09-16T16:40:26.080432+00:00] main.INFO: Add of item with id Magento_Reports::report_salesroot_coupons was processed [] []
[2023-09-16T16:40:26.080469+00:00] main.INFO: Add of item with id Magento_Reports::report_shopcart_product was processed [] []
[2023-09-16T16:40:26.080499+00:00] main.INFO: Add of item with id Magento_Reports::report_shopcart_abandoned was processed [] []
[2023-09-16T16:40:26.080527+00:00] main.INFO: Add of item with id Magento_Reports::report_products was processed [] []
[2023-09-16T16:40:26.080554+00:00] main.INFO: Add of item with id Magento_Reports::report_products_bestsellers was processed [] []
[2023-09-16T16:40:26.080587+00:00] main.INFO: Add of item with id Magento_Reports::report_products_sold was processed [] []
[2023-09-16T16:40:26.080615+00:00] main.INFO: Add of item with id Magento_Reports::report_products_viewed was processed [] []
[2023-09-16T16:40:26.080642+00:00] main.INFO: Add of item with id Magento_Reports::report_products_lowstock was processed [] []
[2023-09-16T16:40:26.080669+00:00] main.INFO: Add of item with id Magento_Reports::report_customers was processed [] []
[2023-09-16T16:40:26.080705+00:00] main.INFO: Add of item with id Magento_Reports::report_customers_accounts was processed [] []
[2023-09-16T16:40:26.080736+00:00] main.INFO: Add of item with id Magento_Reports::report_customers_totals was processed [] []
[2023-09-16T16:40:26.080764+00:00] main.INFO: Add of item with id Magento_Reports::report_customers_orders was processed [] []
[2023-09-16T16:40:26.080792+00:00] main.INFO: Add of item with id Magento_Reports::report_statistics was processed [] []
[2023-09-16T16:40:26.080828+00:00] main.INFO: Add of item with id Magento_Reports::report_statistics_refresh was processed [] []
[2023-09-16T16:40:26.080858+00:00] main.INFO: Add of item with id Magento_Search::report_search_term was processed [] []
[2023-09-16T16:40:26.080890+00:00] main.INFO: Add of item with id Magento_LoginAsCustomerLog::login_log was processed [] []
[2023-09-16T16:40:26.080917+00:00] main.INFO: Add of item with id Magento_Marketplace::partners was processed [] []
[2023-09-16T16:40:26.080946+00:00] main.INFO: Add of item with id Magento_Newsletter::newsletter_template was processed [] []
[2023-09-16T16:40:26.080973+00:00] main.INFO: Add of item with id Magento_Newsletter::newsletter_queue was processed [] []
[2023-09-16T16:40:26.081060+00:00] main.INFO: Add of item with id Magento_Newsletter::newsletter_subscriber was processed [] []
[2023-09-16T16:40:26.081135+00:00] main.INFO: Add of item with id Magento_Newsletter::newsletter_problem was processed [] []
[2023-09-16T16:40:26.081167+00:00] main.INFO: Add of item with id Magento_SalesRule::promo_quote was processed [] []
[2023-09-16T16:40:26.081198+00:00] main.INFO: Add of item with id Magento_Sitemap::catalog_sitemap was processed [] []
[2023-09-16T16:40:26.081228+00:00] main.INFO: Add of item with id Magento_PageBuilder::templates was processed [] []
[2023-09-16T16:40:26.081256+00:00] main.INFO: Add of item with id Magento_Paypal::report_salesroot_paypal_settlement_reports was processed [] []
[2023-09-16T16:40:26.081286+00:00] main.INFO: Add of item with id Magento_Paypal::paypal_billing_agreement was processed [] []
[2023-09-16T16:40:26.081315+00:00] main.INFO: Add of item with id Magento_CheckoutAgreements::sales_checkoutagreement was processed [] []
[2023-09-16T16:40:26.081344+00:00] main.INFO: Add of item with id Magento_Review::catalog_reviews_ratings_ratings was processed [] []
[2023-09-16T16:40:26.081396+00:00] main.INFO: Add of item with id Magento_Review::catalog_reviews_ratings_pending was processed [] []
[2023-09-16T16:40:26.081429+00:00] main.INFO: Add of item with id Magento_Review::catalog_reviews_ratings_reviews_all was processed [] []
[2023-09-16T16:40:26.081459+00:00] main.INFO: Add of item with id Magento_Review::report_review was processed [] []
[2023-09-16T16:40:26.081499+00:00] main.INFO: Add of item with id Magento_Review::report_review_customer was processed [] []
[2023-09-16T16:40:26.081531+00:00] main.INFO: Add of item with id Magento_Review::report_review_product was processed [] []
[2023-09-16T16:40:26.081560+00:00] main.INFO: Add of item with id Magento_UrlRewrite::urlrewrite was processed [] []
[2023-09-16T16:40:26.081588+00:00] main.INFO: Add of item with id Magento_Tax::sales_tax was processed [] []
[2023-09-16T16:40:26.081626+00:00] main.INFO: Add of item with id Magento_Tax::sales_tax_rules was processed [] []
[2023-09-16T16:40:26.081658+00:00] main.INFO: Add of item with id Magento_Tax::sales_tax_rates was processed [] []
[2023-09-16T16:40:26.081688+00:00] main.INFO: Add of item with id Magento_TaxImportExport::system_convert_tax was processed [] []
[2023-09-16T16:40:26.081725+00:00] main.INFO: Add of item with id Magento_AsynchronousOperations::system_magento_logging was processed [] []
[2023-09-16T16:40:26.081765+00:00] main.INFO: Add of item with id Magento_AsynchronousOperations::system_magento_logging_bulk_operations was processed [] []
[2023-09-16T16:40:26.081797+00:00] main.INFO: Add of item with id Magento_CurrencySymbol::system_currency was processed [] []
[2023-09-16T16:40:26.081835+00:00] main.INFO: Add of item with id Magento_CurrencySymbol::system_currency_rates was processed [] []
[2023-09-16T16:40:26.081866+00:00] main.INFO: Add of item with id Magento_CurrencySymbol::system_currency_symbols was processed [] []
[2023-09-16T16:40:26.081895+00:00] main.INFO: Add of item with id PayPal_Braintree::settlement_report was processed [] []
[2023-09-16T16:40:26.081923+00:00] main.INFO: Add of item with id PayPal_Braintree::virtual_terminal was processed [] []
